<?xml version="1.0" encoding="UTF-8"?>
<testng-results ignored="0" total="2" passed="2" failed="0" skipped="0">
  <reporter-output>
  </reporter-output>
  <suite started-at="2023-08-25T19:14:39 TRT" name="Store" finished-at="2023-08-25T19:14:54 TRT" duration-ms="15213">
    <groups>
    </groups>
    <test started-at="2023-08-25T19:14:39 TRT" name="Edge Test" finished-at="2023-08-25T19:14:52 TRT" duration-ms="13697">
      <class name="testng_deneme.storeTest">
        <test-method is-config="true" signature="Setup(java.lang.String)[pri:0, instance:testng_deneme.storeTest@5656be13]" started-at="2023-08-25T19:14:39 TRT" name="Setup" finished-at="2023-08-25T19:14:46 TRT" duration-ms="7585" status="PASS">
          <params>
            <param index="0">
              <value>
                <![CDATA[edge]]>
              </value>
            </param>
          </params>
          <reporter-output>
          </reporter-output>
        </test-method> <!-- Setup -->
        <test-method signature="Test1()[pri:0, instance:testng_deneme.storeTest@5656be13]" started-at="2023-08-25T19:14:46 TRT" name="Test1" finished-at="2023-08-25T19:14:50 TRT" duration-ms="3889" status="PASS">
          <reporter-output>
          </reporter-output>
        </test-method> <!-- Test1 -->
        <test-method is-config="true" signature="exit()[pri:0, instance:testng_deneme.storeTest@5656be13]" started-at="2023-08-25T19:14:50 TRT" name="exit" finished-at="2023-08-25T19:14:52 TRT" duration-ms="2189" status="PASS">
          <reporter-output>
          </reporter-output>
        </test-method> <!-- exit -->
      </class> <!-- testng_deneme.storeTest -->
    </test> <!-- Edge Test -->
    <test started-at="2023-08-25T19:14:39 TRT" name="Firefox Test" finished-at="2023-08-25T19:14:54 TRT" duration-ms="15213">
      <class name="testng_deneme.storeTest">
        <test-method is-config="true" signature="Setup(java.lang.String)[pri:0, instance:testng_deneme.storeTest@1165b38]" started-at="2023-08-25T19:14:39 TRT" name="Setup" finished-at="2023-08-25T19:14:47 TRT" duration-ms="7945" status="PASS">
          <params>
            <param index="0">
              <value>
                <![CDATA[firefox]]>
              </value>
            </param>
          </params>
          <reporter-output>
          </reporter-output>
        </test-method> <!-- Setup -->
        <test-method signature="Test1()[pri:0, instance:testng_deneme.storeTest@1165b38]" started-at="2023-08-25T19:14:47 TRT" name="Test1" finished-at="2023-08-25T19:14:51 TRT" duration-ms="4499" status="PASS">
          <reporter-output>
          </reporter-output>
        </test-method> <!-- Test1 -->
        <test-method is-config="true" signature="exit()[pri:0, instance:testng_deneme.storeTest@1165b38]" started-at="2023-08-25T19:14:51 TRT" name="exit" finished-at="2023-08-25T19:14:54 TRT" duration-ms="2746" status="PASS">
          <reporter-output>
          </reporter-output>
        </test-method> <!-- exit -->
      </class> <!-- testng_deneme.storeTest -->
    </test> <!-- Firefox Test -->
  </suite> <!-- Store -->
</testng-results>
